<?xml version="1.0" encoding="UTF-8"?>
<testsuite name="JUnit Jupiter" tests="9" skipped="0" failures="0" errors="0" time="0.085" hostname="devbox" timestamp="2025-06-08T15:08:33">
<properties>
[...]
</properties>
<testcase name="testMovimentoSimplesValido()" classname="modelo.TabuleiroTest" time="0.001">
<system-out><![CDATA[
unique-id: [engine:junit-jupiter]/[class:modelo.TabuleiroTest]/[method:testMovimentoSimplesValido()]
display-name: testMovimentoSimplesValido()
]]></system-out>
</testcase>
<testcase name="testCriarCasa()" classname="modelo.CasaTest" time="0.001">
<system-out><![CDATA[
unique-id: [engine:junit-jupiter]/[class:modelo.CasaTest]/[method:testCriarCasa()]
display-name: testCriarCasa()
]]></system-out>
</testcase>
<testcase name="testInicializacaoTabuleiro()" classname="modelo.TabuleiroTest" time="0">
<system-out><![CDATA[
unique-id: [engine:junit-jupiter]/[class:modelo.TabuleiroTest]/[method:testInicializacaoTabuleiro()]
display-name: testInicializacaoTabuleiro()
]]></system-out>
</testcase>
<testcase name="testGetCasa()" classname="modelo.TabuleiroTest" time="0">
<system-out><![CDATA[
unique-id: [engine:junit-jupiter]/[class:modelo.TabuleiroTest]/[method:testGetCasa()]
display-name: testGetCasa()
]]></system-out>
</testcase>
<testcase name="testVerificarVitoria()" classname="modelo.TabuleiroTest" time="0.001">
<system-out><![CDATA[
unique-id: [engine:junit-jupiter]/[class:modelo.TabuleiroTest]/[method:testVerificarVitoria()]
display-name: testVerificarVitoria()
]]></system-out>
</testcase>
<testcase name="testCriacaoJogo()" classname="controle.JogoTest" time="0.002">
<system-out><![CDATA[
unique-id: [engine:junit-jupiter]/[class:controle.JogoTest]/[method:testCriacaoJogo()]
display-name: testCriacaoJogo()
]]></system-out>
</testcase>
<testcase name="testColocarRemoverPeca()" classname="modelo.CasaTest" time="0">
<system-out><![CDATA[
unique-id: [engine:junit-jupiter]/[class:modelo.CasaTest]/[method:testColocarRemoverPeca()]
display-name: testColocarRemoverPeca()
]]></system-out>
</testcase>
<testcase name="testPromoverPeca()" classname="modelo.PecaTest" time="0.023">
<system-out><![CDATA[
unique-id: [engine:junit-jupiter]/[class:modelo.PecaTest]/[method:testPromoverPeca()]
display-name: testPromoverPeca()
]]></system-out>
</testcase>
<testcase name="testCriarPeca()" classname="modelo.PecaTest" time="0.002">
<system-out><![CDATA[
unique-id: [engine:junit-jupiter]/[class:modelo.PecaTest]/[method:testCriarPeca()]
display-name: testCriarPeca()
]]></system-out>
</testcase>
<system-out><![CDATA[
unique-id: [engine:junit-jupiter]
display-name: JUnit Jupiter
]]></system-out>
</testsuite>
